<?xml version="1.0" encoding="UTF-8"?>
<!-- Generated by org.testng.reporters.JUnitReportReporter -->
<testsuite hostname="LAPTOP-D6TAF9DO" failures="0" tests="1" name="WikiTest" time="7.031" errors="0" timestamp="21 Feb 2023 17:56:20 GMT">
  <testcase classname="WikiTest" name="wikiTest" time="7.031"/>
</testsuite> <!-- WikiTest -->
