<?xml version="1.0" encoding="UTF-8"?>
<!-- Generated by org.testng.reporters.JUnitReportReporter -->
<testsuite hostname="LAPTOP-D6TAF9DO" failures="0" tests="1" name="Imdb" time="23.794" errors="0" timestamp="21 Feb 2023 17:56:02 GMT">
  <testcase classname="Imdb" name="pushpaMovieTest" time="23.794"/>
</testsuite> <!-- Imdb -->
